<?xml version="1.0" encoding="UTF-8"?>
<!-- Generated by org.testng.reporters.JUnitReportReporter -->
<testsuite skipped="0" hostname="DESKTOP-Q45JV78" name="tests.BaseClass" tests="1" failures="0" timestamp="2022-08-22T22:57:25 IST" time="257.825" errors="0">
  <testcase name="f" time="257.825" classname="tests.BaseClass"/>
  <system-out/>
</testsuite> <!-- tests.BaseClass -->
