<?xml version="1.0" encoding="UTF-8"?>
<!-- Generated by org.testng.reporters.JUnitReportReporter -->
<testsuite skipped="0" hostname="DESKTOP-Q45JV78" name="tests.BaseClass" tests="1" failures="0" timestamp="2022-08-22T23:18:46 IST" time="45.104" errors="0">
  <testcase name="f" time="45.104" classname="tests.BaseClass"/>
  <system-out/>
</testsuite> <!-- tests.BaseClass -->
